<?xml version="1.0" encoding="UTF-8" ?>
<aop>

    <!-- ================================================= -->
    <!-- Test                     -->
    <!-- ================================================= -->

    <metadata tag="jaffa.rules" class="com.TestGraph"
        extends-class="com.TestGraph">
    </metadata>

</aop>
